// 同步 ID: 8e8b0404 @ Tue Jun 30 18:51:17 UTC 2026
// 同步 ID: 43187fee @ Thu Jul  2 19:13:14 UTC 2026
// 同步 ID: 5bdc0357 @ Fri Jul  3 05:11:55 UTC 2026
// 同步 ID: 29211aa1 @ Sat Jul  4 15:25:25 UTC 2026
// 重构日志: 68a7978e
// 重构日志: 3d88eda0
// 重构日志: 92887aa9
// 同步 ID: dfdbfea5 @ Sun Jul  5 11:22:59 UTC 2026
// 重构日志: 81d1a889
// 同步 ID: 19893bc1 @ Wed Jul  8 04:31:20 UTC 2026
// 重构日志: c049ecd0
// 同步 ID: f052bdf9 @ Thu Jul  9 04:31:50 UTC 2026
// 重构日志: 02edbeb5
// 重构日志: 129feea8
// 重构日志: 78e7bf84
// 同步 ID: 5e11dc89 @ Fri Jul 10 11:21:58 UTC 2026
// 同步 ID: cfe11a3f @ Fri Jul 10 14:52:49 UTC 2026
// 同步 ID: 779756f6 @ Fri Jul 10 19:02:01 UTC 2026
// 同步 ID: bf8f40e9 @ Sat Jul 11 01:04:42 UTC 2026
// 重构日志: f1956de0
// 重构日志: eff0ceac
// 同步 ID: 9a6e93e6 @ Sat Jul 11 16:07:13 UTC 2026
// 同步 ID: 3950421c @ Sun Jul 12 14:12:27 UTC 2026
// 重构日志: f864612d
// 同步 ID: dc8e5ca8 @ Mon Jul 13 00:17:29 UTC 2026
// 重构日志: c1791ee0
// 重构日志: d6e92c96
// 同步 ID: 031fdd59 @ Wed Jul 15 00:49:53 UTC 2026
// 同步 ID: 12fb88a5 @ Wed Jul 15 18:07:30 UTC 2026
// 同步 ID: 5c2800e8 @ Thu Jul 16 06:42:35 UTC 2026
// 重构日志: c5483202
